Case #1:
0.232722
0.072018
0.025584
0.052224
0.130363
0.117357
0.117357
0.130363
0.117357
0.130363
0.130363
0.130363
0.232722
0.052224
0.031129
0.232722
0.002111
0.117357
0.117357
0.117357
0.024396
0.040893
0.130363
0.046906
0.117357
0.130363
0.130363
0.117357
0.031129
0.052224
0.130363
0.130363
0.002111
0.052224
0.130363
0.052224
0.001624
0.130363
0.040893
0.130363
0.052224
0.130363
0.232722
0.002111
0.072018
0.040893
0.130363
0.117357
0.117357
0.024396
0.040893
0.025584
0.130363
0.130363
0.072018
0.002111
0.130363
0.000645
0.002111
0.117357
0.117357
0.117357
0.025584
0.024396
0.072018
0.130363
0.232722
0.130363
0.072018
0.130363
0.002111
0.130363
0.002111
0.031129
0.002111
0.046906
0.232722
0.117357
0.232722
0.046906
0.130363
0.002111
0.130363
0.052224
0.002111
0.002111
0.130363
0.130363
0.232722
0.117357
0.002111
0.117357
0.046906
0.130363
0.232722
0.002111
0.117357
0.031129
0.130363
0.002111
Case #2:
0.020000
0.021000
0.021000
0.007200
0.007200
0.006000
Case #3:
0.011679
0.001693
0.001693
0.021578
0.028088
0.028088
0.001693
0.028088
0.001693
0.001693
0.011679
0.011679
0.028088
0.028088
0.001693
0.002542
0.028088
0.001693
0.028088
0.028088
0.021046
0.001083
0.028088
0.021046
0.011679
0.003471
0.001693
0.011679
0.028088
0.011679
0.000586
0.011679
0.011679
0.028088
0.001693
0.064799
0.000586
0.001693
0.011679
0.001693
0.028088
0.001693
0.028088
0.011679
0.028088
0.001693
0.011679
0.028088
0.021046
0.028088
0.028088
0.028088
0.001693
0.028088
0.011679
0.028088
0.011679
0.021046
0.028088
0.001693
0.011679
0.021578
0.028088
0.028088
0.044029
0.028088
0.028088
0.028088
0.011679
0.011679
0.011679
0.021046
0.011679
0.011679
0.021046
0.028088
0.028088
Case #4:
0.266716
0.002964
0.001381
0.006292
0.000510
0.041545
0.000978
0.041545
0.000510
0.000360
0.041545
0.002964
0.004117
0.041545
0.041545
0.041545
0.000360
0.001381
0.004117
0.081787
0.001381
0.001381
0.081787
0.001464
0.004893
0.000978
0.002964
0.001381
0.004117
0.002964
0.071318
0.000978
0.001381
0.004117
0.000978
0.001381
0.041545
0.000360
0.000978
0.071318
0.000510
0.000978
0.001430
0.001381
0.516261
0.001381
0.004117
0.004117
0.000978
0.000314
0.001381
0.001464
0.001166
0.000510
0.001381
0.266716
0.001381
0.001390
0.266716
0.001381
0.001381
0.081787
0.022524
0.001390
0.001381
0.004117
0.142976
0.001381
0.001381
0.004117
0.001381
0.001464
0.001381
0.142976
0.000510
0.041545
0.001381
0.000360
Case #5:
0.000808
0.001294
0.014748
0.001941
0.001941
0.014748
0.000680
0.000472
0.000931
0.001294
0.001294
0.001941
0.000680
0.000472
0.001294
0.000680
0.000472
0.000192
0.001941
0.000680
0.000011
0.000680
0.001294
0.000680
0.000011
0.000931
0.000472
0.001941
0.001941
0.001941
0.000680
0.014748
0.001294
0.000808
0.014748
0.014748
0.000680
0.014748
0.014748
0.014748
0.000011
0.000031
0.001941
0.001941
0.014748
0.001294
0.000931
0.000011
0.000028
0.000472
0.001941
0.001941
0.000680
0.014748
0.001941
0.001294
0.014748
0.001941
0.000680
0.000931
0.001941
0.000680
0.000680
0.000472
0.000091
0.000680
0.014748
0.000192
0.001294
0.001294
0.000472
0.001941
0.000680
0.001941
0.001941
0.000931
0.014748
0.014748
0.000680
0.000680
0.001294
0.000931
0.001941
0.001294
0.014748
0.001294
0.000680
0.000091
0.000680
Case #6:
0.904382
0.990000
0.932065
0.895338
0.980100
0.960596
0.970299
0.990000
0.895338
0.990000
0.970299
Case #7:
0.002000
0.032400
0.000060
Case #8:
0.003614
0.190753
0.229625
0.229625
0.190753
0.002387
0.008712
0.190753
0.229625
0.001486
0.003614
0.003614
0.190753
0.003614
0.003614
0.047945
0.047945
0.190753
0.190753
0.003614
0.190753
0.190753
0.229625
0.007614
0.190753
0.011756
0.000125
0.001486
0.002387
0.190753
0.003614
0.009158
0.011756
0.007614
0.190753
0.190753
0.190753
0.009158
0.190753
0.190753
0.190753
0.011756
0.190753
0.003614
0.003614
0.229625
0.006817
0.001486
0.063658
0.003614
0.003614
0.006817
0.001486
0.007614
0.047945
0.047945
0.001486
0.190753
0.011756
0.003614
0.009158
0.002387
0.011756
0.190753
0.063658
Case #9:
0.500000
0.250000
Case #10:
0.006927
0.006927
0.009729
0.006927
0.146556
0.000964
0.009729
0.003593
0.003593
0.006927
0.003461
0.009729
0.003593
0.009729
0.008522
0.009729
0.003593
0.011586
0.006927
0.041567
0.009729
0.003593
0.003593
0.003593
0.003593
0.003593
0.009729
0.003742
0.003593
0.003593
0.009729
0.041567
0.003593
0.003593
0.110189
0.006927
0.003593
0.003593
0.003593
0.003593
0.003593
0.110189
0.003461
0.009729
0.003593
0.003593
0.003593
0.003593
0.003593
0.008085
0.003593
0.009729
0.003593
0.009729
0.009729
0.003593
0.003593
0.006927
0.006927
0.226698
0.009729
0.003593
0.000103
0.003593
0.110189
0.009729
0.226698
0.009729
0.050249
Case #11:
0.002865
0.002865
0.069600
0.059328
0.073589
0.134001
0.087199
0.069600
0.134001
0.073589
0.000777
0.069600
0.087199
0.007286
0.073589
0.003451
0.134001
0.087199
0.073589
0.007286
0.000921
0.134001
0.007149
0.069600
0.235929
0.134001
0.000777
0.134001
0.073589
0.000921
0.073589
0.073589
0.069600
0.285691
0.073589
0.073589
0.007286
0.007286
0.087199
0.087199
0.087199
0.007286
0.073589
0.214059
0.073589
0.073589
0.073589
0.069600
0.087199
0.059328
0.073589
Case #12:
0.033131
0.033131
0.001531
0.001531
0.006047
0.170938
0.001531
0.041693
0.033131
0.033131
0.033131
0.033131
0.170938
0.006047
0.033131
0.006047
0.033131
0.170938
0.027961
0.006047
0.033131
0.000008
0.170938
0.033131
0.072928
0.170938
0.033131
0.000000
0.001531
0.000542
0.033131
0.035944
0.000139
0.000542
0.033131
0.170938
0.035944
0.033131
0.006047
0.006047
0.041693
0.006047
0.170938
0.001531
0.006047
0.041693
0.000542
0.006047
0.033131
0.072928
0.170938
0.033131
0.006047
0.033131
0.035944
0.170938
0.006047
0.006047
0.033131
0.033131
0.041693
0.170938
0.001531
0.170938
0.035944
0.170938
0.170938
0.006047
0.000000
0.035944
0.006047
0.006047
0.006047
0.033131
0.033131
0.033131
0.033131
0.006047
0.170938
0.001531
0.072928
0.000000
0.033131
0.035944
0.000542
0.072928
0.170938
0.033131
0.170938
0.000008
Case #13:
0.700000
0.700000
Case #14:
0.007168
0.047011
0.082090
0.000003
0.050561
0.015755
0.006658
0.011592
0.126767
0.050561
0.082090
0.027093
0.120242
0.126767
0.006658
0.027093
0.120242
0.050561
0.015755
0.032671
0.082090
0.027093
0.082090
0.011592
0.050561
0.006658
0.120242
0.018657
0.006658
0.027093
0.082090
0.006658
0.000303
0.000001
0.126767
0.082090
0.035899
0.047011
0.050561
0.120242
0.126767
0.007168
0.120242
0.082090
0.050561
0.006658
0.000123
0.027093
0.027093
0.126767
0.047011
0.047011
0.009090
0.050561
0.018657
0.027093
0.006658
0.032671
0.015755
0.082090
0.126767
0.047011
0.006658
0.011592
0.032671
0.028119
0.120242
0.120242
0.120242
0.120242
0.006658
0.120242
0.015755
0.126767
0.120242
0.120242
0.120242
0.120242
0.047011
0.032671
0.126767
0.050561
0.120242
0.032671
0.007168
0.000498
0.047011
0.006658
0.028119
0.126767
0.120242
0.120242
0.126767
0.082090
Case #15:
0.045047
0.566553
0.007407
0.045047
0.566553
0.007407
0.566553
0.566553
0.566553
0.045047
0.007165
0.007407
0.041831
0.007407
0.007407
0.566553
0.566553
0.007407
0.566553
0.007407
0.007407
0.001437
0.041831
0.566553
0.007165
0.001814
0.035966
0.045047
0.007407
0.041831
0.566553
0.566553
0.566553
0.566553
0.566553
0.566553
0.002262
0.566553
0.566553
0.007165
0.033422
0.566553
0.045047
0.566553
0.566553
0.566553
0.566553
0.007407
0.566553
Case #16:
0.010522
0.000887
0.000568
0.012861
0.021810
0.010522
0.010522
0.010522
0.012290
0.001112
0.021810
0.000568
0.010522
0.000743
0.003565
0.000218
0.000568
0.000887
0.003565
0.010522
0.010522
0.000568
0.000568
0.010522
0.000568
0.004849
0.003115
0.000568
0.000568
0.000568
0.000568
0.000568
0.010522
0.002918
0.010522
0.003565
0.000887
0.010522
0.001237
0.000568
0.000568
0.001112
0.010522
0.000568
0.000568
0.000743
0.000568
0.000283
0.000568
0.000218
0.000568
0.010522
0.002918
0.000568
0.000283
0.021810
0.000568
0.016399
0.001112
0.010522
0.010522
0.000743
0.000568
0.000568
Case #17:
0.020403
0.014634
0.014634
0.009330
0.099779
0.020403
0.000458
0.007622
0.099779
0.073236
0.068931
0.099779
0.068931
0.068931
0.068931
0.099779
0.009330
0.006168
0.014634
0.000458
0.126890
0.126890
0.014634
0.006168
0.020403
0.068931
0.030614
0.099779
0.030614
0.126890
0.014634
0.020403
0.014634
0.020403
0.020403
Case #18:
0.001169
0.282200
0.282200
0.000149
0.000018
0.282200
0.000152
0.282200
0.000027
0.000152
0.019550
0.061833
0.282200
0.282200
0.000153
0.282200
0.019550
0.282200
0.036393
0.019550
0.282200
0.282200
0.282200
0.282200
0.019550
0.282200
0.000152
0.000013
0.282200
0.019550
0.061833
0.282200
0.282200
0.282200
0.032994
0.282200
0.282200
0.282200
0.282200
0.061833
0.000153
0.282200
0.019550
0.061833
0.282200
0.019550
0.000153
0.282200
0.282200
0.019550
0.000019
0.282200
0.000149
0.282200
0.019550
0.282200
0.282200
0.061833
0.282200
0.000153
0.000048
0.032994
0.019550
0.019550
0.000153
0.019550
0.282200
0.282200
0.282200
0.000048
0.282200
0.282200
0.061833
0.019550
0.036393
0.282200
Case #19:
0.020000
0.020000
0.006000
0.020000
0.020000
0.020000
0.020000
0.021000
0.021000
0.020000
Case #20:
0.385543
0.385543
0.285636
0.285636
0.285636
0.285636
0.285636
0.285636
0.285636
0.285636
0.285636
0.285636
0.385543
0.285636
0.285636
0.285636
0.385543
0.385543
0.285636
0.285636
0.285636
0.385543
0.385543
0.086353
0.017387
0.285636
0.285636
0.107287
0.385543
0.086353
0.385543
0.285636
0.385543
0.285636
0.385543
0.285636
0.285636
0.385543
0.385543
0.385543
0.285636
0.000026
0.385543
0.285636
0.385543
0.385543
0.385543
0.285636
0.285636
0.385543
0.285636
0.017387
0.385543
0.385543
0.285636
0.385543
0.017387
0.285636
0.385543
0.285636
0.086353
0.385543
0.385543
0.385543
0.285636
0.285636
0.385543
0.285636
0.385543
0.385543
0.385543
0.385543
0.385543
0.385543
0.385543
0.385543
Case #21:
0.257571
0.257571
0.257571
0.020324
0.292350
0.020324
0.018038
0.257571
0.292350
0.001399
0.000957
0.257571
0.000957
0.000957
0.020324
0.000957
0.000957
0.020324
0.000930
0.001060
0.018038
0.257571
0.257571
0.292350
0.000175
0.000957
0.001399
0.018038
0.000957
0.257571
0.000957
0.257571
0.257571
0.000957
0.020324
0.004569
0.001060
0.001060
0.257571
0.257571
0.292350
0.000957
0.001060
0.000957
0.257571
0.292350
0.020324
0.000175
0.000175
Case #22:
0.020069
0.020721
0.000576
0.004093
0.020069
0.002311
0.004117
0.004093
0.017866
0.020721
0.004093
0.005201
0.017866
0.004093
0.000239
0.020721
0.020721
0.000220
0.005201
0.005201
0.005464
0.004093
0.004093
0.020069
0.004093
0.004093
0.004093
0.004093
0.020069
0.005464
0.020069
0.005201
0.006238
0.005201
0.007007
0.020721
0.005201
0.020069
0.004093
0.006238
0.004093
0.004093
0.020721
0.006238
0.005464
0.002311
0.004093
0.002311
0.004093
0.005201
0.005201
0.004093
0.000576
0.020069
0.004093
0.000099
0.005201
0.004093
0.005464
0.004093
0.020721
0.002311
0.000220
0.020069
Case #23:
0.021383
0.021383
0.021383
0.000067
0.000672
0.000006
0.003686
0.000067
0.018248
0.067452
0.000067
0.000672
0.003686
0.000672
0.000672
0.004171
0.040484
0.035266
0.004430
0.080650
0.021383
0.015362
0.000052
0.000672
0.058052
0.000001
0.023412
0.067452
0.021383
0.015362
0.080650
0.004171
0.023412
Case #24:
0.040000
0.050000
0.080000
0.020000
0.070000
0.060000
0.010000
0.030000
Case #25:
0.060000
0.070000
0.050000
0.020000
0.040000
0.030000
0.010000
0.080000
Case #26:
0.005790
0.007328
0.017272
0.005790
0.017272
0.181296
0.181296
0.002903
0.002192
0.002636
0.181296
0.017272
0.005790
0.005790
0.017272
0.181296
0.007328
0.002903
0.002192
0.181296
0.005391
0.005391
0.017272
0.181296
0.017272
0.001353
0.005790
0.005790
0.017272
0.005790
0.181296
0.005790
0.034582
0.181296
0.010412
0.181296
0.017272
0.002636
0.017272
0.005790
Case #27:
0.059070
0.003421
0.059070
0.000341
0.000181
0.059070
0.019262
0.059070
0.059070
0.020765
0.000341
0.000341
0.059070
0.020765
0.020765
0.020765
0.020765
0.059070
0.059070
0.059070
0.059070
0.020765
0.059070
0.020765
0.059070
0.020765
0.059070
0.059070
0.019262
0.020765
0.020765
0.059070
0.001592
0.059070
0.020765
0.000181
0.020765
0.020765
0.059070
0.001592
0.020765
0.059070
0.059070
0.059070
0.020765
0.019262
0.040822
0.040822
0.019262
0.020765
0.000341
0.059070
0.059070
0.059070
0.020765
0.059070
0.020765
0.059070
0.020765
0.020765
0.019262
0.020765
0.059070
Case #28:
0.960596
0.868746
0.886385
0.770043
0.932065
0.913517
0.950990
0.990000
0.739700
0.842943
0.809728
0.770043
0.739700
0.793614
0.922745
0.732303
0.904382
0.980100
0.747172
0.851458
0.860058
0.770043
0.801631
0.834514
0.762343
0.904382
0.970299
0.777821
0.834514
0.793614
0.809728
0.904382
0.886385
0.826169
0.747172
0.842943
0.785678
0.785678
0.851458
0.877521
0.868746
0.860058
0.724980
0.817907
0.941480
0.777821
0.980100
0.895338
0.932065
0.950990
0.817907
0.922745
0.762343
0.732303
0.932065
0.960596
0.826169
0.941480
0.886385
0.851458
0.842943
0.801631
0.809728
0.754719
0.913517
0.970299
0.754719
0.895338
0.922745
0.980100
0.913517
0.970299
0.777821
0.895338
0.754719
0.990000
0.717731
0.724980
0.960596
0.990000
0.834514
0.941480
0.950990
0.747172
0.817907
0.826169
0.793614
0.717731
0.762343
0.724980
0.732303
0.860058
0.990000
0.877521
0.877521
0.868746
0.739700
0.785678
0.717731
0.801631
Case #29:
0.028783
0.057541
0.480605
0.040222
0.020352
0.196203
0.028783
0.092238
0.057541
0.092238
0.043464
0.057541
0.004778
0.020352
0.013053
0.058442
0.020352
0.092238
0.022333
0.092238
0.057541
0.043051
0.092238
0.020352
0.092238
0.480605
0.040222
0.092238
0.020352
0.480605
0.020352
0.480605
0.004778
0.076174
0.092238
0.196203
0.020352
0.480605
0.092238
0.057541
0.009204
0.043051
0.480605
0.057541
0.001899
0.092238
0.028783
0.004778
0.057541
0.013053
0.092238
0.057541
0.043051
0.092238
0.004778
0.040222
0.001899
Case #30:
0.008665
0.000109
0.001596
0.001372
0.008665
0.008665
0.008665
0.000109
0.008665
0.008665
0.002130
0.008665
0.008665
0.008665
0.008665
0.000109
0.008665
0.001618
0.000109
0.008665
0.001087
0.008665
0.008665
0.008665
0.000109
0.001372
0.008665
0.000109
0.008665
0.001618
0.000109
0.000109
0.001596
0.008665
0.001728
0.001596
0.008665
0.001372
0.003298
0.008665
0.000109
0.008665
0.008665
0.000109
0.008665
0.000109
0.000109
0.001596
0.008665
0.001372
0.003298
0.003298
0.008665
0.008665
0.000113
0.008665
0.002130
0.008665
Case #31:
0.397052
0.000083
0.397052
0.000083
0.397052
0.152498
0.397052
0.049600
0.397052
0.011196
0.000051
0.397052
0.049600
0.397052
0.000083
0.397052
0.397052
0.011196
0.397052
0.049600
0.397052
0.000083
0.397052
0.007538
0.049600
0.049600
0.397052
0.397052
0.000083
0.000051
0.000083
0.152498
0.049600
0.397052
0.397052
0.397052
0.007538
0.397052
0.000083
0.000083
0.000051
0.152498
0.397052
0.049600
0.000083
0.000083
0.397052
0.397052
0.049600
0.000083
0.397052
0.397052
0.152498
0.397052
0.049600
0.397052
0.397052
0.049600
0.397052
0.397052
0.011196
0.049600
0.397052
0.152498
0.397052
Case #32:
0.348333
0.013188
0.013188
0.348333
0.348333
0.252100
0.348333
0.023593
0.348333
0.348333
0.348333
0.348333
0.348333
0.013188
0.013188
0.013188
0.013188
0.348333
0.348333
0.348333
0.002845
0.013188
0.348333
0.348333
0.252100
0.252100
0.001903
0.348333
0.252100
0.002845
0.348333
0.013188
0.348333
0.013188
0.348333
0.023593
0.023593
Case #33:
0.001709
0.114585
0.297940
0.297940
0.032312
0.297940
0.297940
0.036638
0.297940
0.297940
0.030076
0.030076
0.126149
0.012821
0.030076
0.297940
0.030076
0.007922
0.012821
0.032312
0.114585
0.010567
0.030076
0.012821
0.004079
0.297940
0.297940
0.053695
0.297940
0.030076
0.000024
0.004079
0.126149
0.297940
0.010567
0.053695
0.032312
0.004079
0.036638
0.032312
0.001709
0.030076
0.003233
0.297940
0.032312
0.030076
Case #34:
0.015201
0.000304
0.000082
0.004705
0.229972
0.229972
0.000082
0.015201
0.229972
0.010743
0.010743
0.229972
0.000347
0.229972
0.018681
0.000304
0.010743
0.000150
0.000304
0.229972
0.229972
0.029127
0.229972
0.229972
0.003525
0.229972
0.029127
0.000082
0.229972
0.229972
0.000082
0.003525
0.229972
0.229972
0.229972
0.000082
0.229972
0.000082
0.000049
0.018681
0.029127
0.010743
0.000737
0.229972
0.000737
0.229972
0.000082
0.000082
0.018681
0.010743
0.229972
0.018681
0.000304
0.229972
0.229972
0.008235
0.000082
0.229972
0.229972
0.229972
0.000737
0.010743
0.000082
0.002198
0.000082
0.229972
0.000082
0.010743
0.229972
0.029127
0.229972
0.229972
0.021439
0.229972
0.009757
0.021439
0.021439
0.229972
0.010743
0.229972
0.229972
0.010743
0.000304
0.000093
0.018681
0.229972
0.229972
0.000082
0.229972
0.018681
0.000082
0.000304
0.015201
0.000082
0.000082
0.015201
Case #35:
0.001735
0.003649
0.001650
0.001735
0.001650
0.001922
0.003944
0.001922
0.003649
0.001650
0.000445
0.001735
0.003649
0.000035
0.003649
0.003944
0.001735
0.001922
0.001650
0.001922
0.000128
0.000665
0.001650
0.003649
0.003649
0.001431
0.001650
0.003944
0.000445
0.003649
0.000626
0.001735
0.001735
0.001735
0.001650
0.000128
0.003649
0.001650
0.001735
0.001431
0.001922
0.003649
0.000665
0.000128
0.003649
0.001650
0.003649
0.001735
0.003649
0.003944
0.001735
0.001922
0.001735
0.000128
0.001650
0.003649
0.001922
0.003649
0.000128
0.001735
0.001650
0.003944
0.000041
0.001735
0.003944
0.003649
0.003649
0.000128
0.001735
0.003649
0.001650
0.003944
0.001735
0.003649
0.001735
