Case #1:
0.005583
0.026601
0.026601
0.005583
0.005583
0.026601
0.026601
0.005583
Case #2:
0.565453
0.106128
0.106128
0.565453
0.149078
0.149078
0.565453
0.149078
0.565453
0.357402
Case #3:
0.001537
0.001537
0.001537
0.001537
0.091655
0.000996
0.091655
0.091655
Case #4:
0.253895
0.253895
0.253895
0.109100
0.253895
0.253895
0.253895
0.253895
Case #5:
0.061318
0.050994
0.061318
0.029089
0.050994
0.061318
0.029089
Case #6:
0.438176
0.438176
0.068609
0.068609
0.438176
0.438176
0.142676
0.194988
Case #7:
0.012745
0.147302
0.012745
0.012745
0.012745
0.012745
0.012745
0.012745
0.147302
Case #8:
0.026337
0.072604
0.128219
0.072604
0.128219
0.128219
0.072604
0.072604
0.128219
Case #9:
0.500000
0.250000
Case #10:
0.046982
0.096592
0.046982
0.096592
0.046982
0.046982
0.096592
0.046982
Case #11:
0.006242
0.006242
0.001103
0.006242
0.001103
0.000220
0.006242
Case #12:
0.186864
0.144677
0.186864
0.144677
0.186864
0.144677
0.186864
0.186864
0.186864
Case #13:
0.089357
0.773139
0.773139
0.773139
0.089357
0.089357
Case #14:
0.048223
0.048223
0.132879
0.132879
0.132879
0.048223
0.132879
Case #15:
0.066520
0.066520
0.175832
0.175832
0.175832
0.052744
0.052744
0.052744
Case #16:
0.019284
0.003575
0.011888
0.019284
0.003575
0.011888
0.019284
Case #17:
0.194852
0.194852
0.023593
0.023593
0.023593
0.023593
0.023593
0.035861
0.023593
0.023593
Case #18:
0.083685
0.083685
0.083685
0.083685
0.083685
0.007818
0.007818
0.007818
Case #19:
0.564455
0.564455
0.564455
0.416513
0.420753
0.416513
0.564455
0.564455
Case #20:
0.037836
0.037836
0.080751
0.011908
0.037836
0.080751
0.037836
Case #21:
0.022896
0.022896
0.007140
0.022896
0.007140
0.022896
0.007140
Case #22:
0.327958
0.327958
0.160074
0.160074
0.160074
0.172750
Case #23:
0.049767
0.094794
0.182979
0.182979
0.182979
0.182979
0.182979
0.049767
0.182979
0.091037
Case #24:
0.038576
0.038576
0.227982
0.038576
0.227982
0.038576
0.202162
Case #25:
0.756092
0.083528
0.756092
0.354419
0.354419
Case #26:
0.068811
0.068811
0.004996
0.068811
0.068811
0.068811
Case #27:
0.084755
0.084755
0.362322
0.084755
0.084755
0.020977
0.362322
Case #28:
0.031777
0.481760
0.481760
0.028718
0.049439
0.031777
0.031777
0.049439
Case #29:
0.007200
0.006000
0.020000
0.007200
0.021000
0.021000
Case #30:
0.174498
0.236220
0.228109
0.236220
0.236220
Case #31:
0.203682
0.329930
0.253447
0.203682
0.253447
0.329930
0.253447
0.253447
0.329930
0.253447
Case #32:
0.056366
0.034597
0.034597
0.000548
0.034597
0.034597
0.034597
Case #33:
0.451657
0.301392
0.301392
0.057535
0.057535
Case #34:
0.181959
0.067620
0.067620
0.181959
0.139810
Case #35:
0.096704
0.061303
0.124991
0.096704
0.096704
0.096704
0.124991
0.096704
Case #36:
0.051426
0.216335
0.216335
0.216335
0.216335
0.051426
Case #37:
0.244909
0.244909
0.244909
0.146789
0.244909
0.244909
0.017805
0.146789
Case #38:
0.818022
0.021251
0.818022
0.117318
0.117318
0.117318
0.818022
Case #39:
0.025336
0.185050
0.051900
0.025336
0.025336
0.025336
0.025336
0.051900
Case #40:
0.005509
0.352787
0.005509
0.005509
0.005509
0.352787
Case #41:
0.080205
0.080205
0.180336
0.180336
0.180336
0.180336
0.180336
Case #42:
0.094246
0.026022
0.094246
0.026022
0.094246
Case #43:
0.173275
0.173275
0.173275
0.141433
0.173275
Case #44:
0.121177
0.002093
0.002093
0.087968
0.098182
0.121177
0.098182
0.121177
Case #45:
0.132900
0.132900
0.082210
0.132900
0.132900
0.132900
0.132900
0.082210
0.132900
Case #46:
0.007945
0.267918
0.014736
0.007945
0.014736
Case #47:
0.646144
0.646144
0.646144
0.646144
0.646144
0.646144
0.646144
0.203521
0.646144
0.203521
Case #48:
0.254813
0.254813
0.254813
0.254813
0.006907
0.057227
0.254813
0.254813
Case #49:
0.068476
0.256658
0.256658
0.150236
0.015385
Case #50:
0.001179
0.000057
0.000242
0.001179
0.000057
0.001179
0.001179
0.000057
0.001179
Case #51:
0.043991
0.157162
0.094247
0.094247
0.157162
0.157162
Case #52:
0.097738
0.645972
0.645972
0.097738
0.645972
0.645972
Case #53:
0.038410
0.050667
0.038410
0.018796
0.038410
0.038410
0.050667
0.038410
0.050667
0.018796
Case #54:
0.000369
0.000369
0.011738
0.000369
0.011738
0.000369
0.084501
0.011738
0.000369
Case #55:
0.013545
0.011466
0.003942
0.006588
0.011466
Case #56:
0.056884
0.214545
0.214545
0.214545
0.214545
0.214545
0.214545
Case #57:
0.197276
0.009994
0.153251
0.197276
0.197276
0.197276
Case #58:
0.059480
0.014853
0.059480
0.014853
0.014853
0.014853
0.014853
0.014853
0.014853
0.019365
Case #59:
0.037315
0.035765
0.249477
0.035765
0.249477
0.035765
0.037315
0.249477
Case #60:
0.091635
0.091635
0.091635
0.091635
0.091635
0.091635
0.040468
0.091635
Case #61:
0.249318
0.249318
0.003141
0.249318
0.023171
0.003141
0.003141
0.249318
0.023171
Case #62:
0.181179
0.001612
0.181179
0.181179
0.001612
0.010718
0.010718
0.181179
0.001612
0.010718
Case #63:
0.348410
0.348410
0.111207
0.022513
0.348410
0.022513
Case #64:
0.018503
0.018503
0.000070
0.018503
0.018503
0.000131
0.000070
0.051198
0.018503
0.051198
Case #65:
0.095220
0.131837
0.367692
0.367692
0.131837
0.367692
0.095220
0.095220
Case #66:
0.029966
0.029966
0.130107
0.029966
0.029966
0.095263
0.130107
Case #67:
0.018972
0.018972
0.060152
0.018972
0.060152
0.060152
0.018972
0.111212
Case #68:
0.172057
0.232383
0.232383
0.232383
0.172057
Case #69:
0.354258
0.060004
0.354258
0.354258
0.060004
0.060004
0.060004
0.354258
0.354258
0.060004
Case #70:
0.080399
0.080399
0.080399
0.039827
0.080399
0.080399
0.080399
0.080399
Case #71:
0.004194
0.038030
0.004194
0.131469
0.131469
0.004194
0.038030
0.004194
Case #72:
0.000307
0.280849
0.000307
0.000345
0.000307
0.280849
0.280849
Case #73:
0.310667
0.452296
0.452296
0.452296
0.350942
0.310667
0.310667
0.452296
0.452296
Case #74:
0.319270
0.201403
0.319270
0.330950
0.319270
0.201403
Case #75:
0.000673
0.002584
0.002584
0.000673
0.000673
0.002584
0.000673
0.028464
0.052355
0.000673
Case #76:
0.728606
0.222222
0.728606
0.728606
0.728606
0.222222
0.728606
0.043963
0.222222
Case #77:
0.002667
0.022951
0.022951
0.022951
0.003154
0.003154
0.022951
0.022951
0.021652
Case #78:
0.038468
0.038468
0.038468
0.076213
0.076213
0.262334
Case #79:
0.088498
0.239348
0.239348
0.239348
0.029572
0.239348
0.029572
0.029572
Case #80:
0.008061
0.049841
0.008061
0.008061
0.049841
0.049841
0.049841
0.049841
0.049841
Case #81:
0.456972
0.456972
0.456972
0.456972
0.456972
0.032056
0.456972
0.456972
0.456972
Case #82:
0.063461
0.009281
0.009281
0.009281
0.063461
0.063461
0.009281
Case #83:
0.219864
0.018200
0.219864
0.219864
0.006351
0.018200
0.006351
0.006351
0.219864
0.006351
Case #84:
0.006988
0.003627
0.003627
0.003627
0.003627
0.006988
0.003627
Case #85:
0.163594
0.110360
0.163594
0.149877
0.149877
0.149877
Case #86:
0.265658
0.561141
0.561141
0.265658
0.561141
Case #87:
0.020000
0.020000
0.021000
0.021000
0.020000
0.020000
0.006000
0.020000
0.020000
0.020000
Case #88:
0.084849
0.084849
0.035851
0.035851
0.084849
0.514184
0.035851
0.035851
Case #89:
0.502110
0.716872
0.716872
0.502110
0.008224
0.502110
0.055590
0.716872
0.716872
0.716872
Case #90:
0.700000
0.700000
Case #91:
0.233013
0.233013
0.116518
0.066107
0.233013
0.066107
Case #92:
0.339937
0.339937
0.633598
0.679902
0.339937
0.339937
0.679902
0.339937
Case #93:
0.028061
0.099745
0.046955
0.099745
0.099745
0.046955
Case #94:
0.097161
0.168644
0.168644
0.168644
0.168644
0.168644
0.138813
Case #95:
0.133072
0.133072
0.255080
0.133072
0.255080
0.186966
0.255080
Case #96:
0.082011
0.027613
0.307121
0.307121
0.082011
0.027613
0.307121
0.307121
0.027613
Case #97:
0.128900
0.080761
0.199310
0.128900
0.199310
Case #98:
0.020082
0.041937
0.006115
0.041937
0.041937
0.020082
Case #99:
0.172187
0.025575
0.250818
0.172187
0.172187
0.172187
0.172187
0.172187
Case #100:
0.161125
0.870744
0.870744
0.326817
0.161125
