Case #1: 33.3333333333 66.6666666667
Case #2: 1.27373675443e-11 100.0
Case #3: 25.0 25.0 25.0 25.0
Case #4: 34.6666666667 26.6666666667 38.6666666667
Case #5: 14.2857142857 14.2857142857 14.2857142857 14.2857142857 1.27373675443e-11 14.2857142857 14.2857142857 14.2857142857
Case #6: 50.0 50.0
Case #7: 11.4331723027 10.3979756154 10.8120542903 11.6402116402 11.4331723027 9.98389694043 10.3979756154 1.27373675443e-11 12.0542903152 11.8472509777
Case #8: 10.0 10.0 10.0 10.0 10.0 10.0 10.0 10.0 10.0 10.0
Case #9: 2.27272727272 13.8636363636 14.3181818182 13.8636363636 13.8636363636 14.3181818182 13.8636363636 13.6363636364
Case #10: 10.045100451 13.1816318163 13.1816318163 12.2591225912 12.8126281263 8.56908569087 7.64657646575 10.229602296 12.0746207462
Case #11: 47.2727272727 52.7272727273
Case #12: 1.27373675443e-11 25.0 25.0 25.0 25.0 1.27373675443e-11 1.27373675443e-11
Case #13: 66.6666666667 33.3333333333
Case #14: 9.90990990992 9.72972972974 10.6306306306 9.54954954956 11.7117117117 9.36936936938 9.18918918921 12.0720720721 9.72972972974 8.1081081081
Case #15: 11.1111111111 11.1111111111 11.1111111111 11.1111111111 11.1111111111 11.1111111111 11.1111111111 11.1111111111 11.1111111111 1.27373675443e-11
Case #16: 1.27373675443e-11 19.4899817851 17.8506375228 5.39162112933 10.9653916211 9.98178506376 8.34244080144 19.4899817851 7.68670309655 0.801457194906
Case #17: 86.2068965517 13.7931034483
Case #18: 16.6666666667 16.6666666667 16.6666666667 16.6666666667 16.6666666667 16.6666666667
Case #19: 1.27373675443e-11 100.0
Case #20: 19.9335548173 1.27373675443e-11 1.27373675443e-11 1.27373675443e-11 19.9335548173 1.27373675443e-11 20.2657807309 19.9335548173 19.9335548173
